[0.414s] Invoking command in '/home/josep/robotics/ModelDownload/ros2_ws/src/ia_to_ros': PYTHONPATH=/home/josep/robotics/ModelDownload/ros2_ws/build/ia_to_ros/prefix_override:/home/josep/.local/lib/python3.10/site-packages/colcon_core/task/python/colcon_distutils_commands:/home/josep/robotics/ModelDownload/ros2_ws/install/ia_to_ros/lib/python3.10/site-packages:${PYTHONPATH} /usr/bin/python3 -W ignore:setup.py install is deprecated -W ignore:easy_install command is deprecated setup.py egg_info --egg-base ../../build/ia_to_ros build --build-base /home/josep/robotics/ModelDownload/ros2_ws/build/ia_to_ros/build install --record /home/josep/robotics/ModelDownload/ros2_ws/build/ia_to_ros/install.log --single-version-externally-managed install_data
[0.540s] running egg_info
[0.541s] writing ../../build/ia_to_ros/ia_to_ros.egg-info/PKG-INFO
[0.541s] writing dependency_links to ../../build/ia_to_ros/ia_to_ros.egg-info/dependency_links.txt
[0.541s] writing entry points to ../../build/ia_to_ros/ia_to_ros.egg-info/entry_points.txt
[0.541s] writing requirements to ../../build/ia_to_ros/ia_to_ros.egg-info/requires.txt
[0.541s] writing top-level names to ../../build/ia_to_ros/ia_to_ros.egg-info/top_level.txt
[0.542s] reading manifest file '../../build/ia_to_ros/ia_to_ros.egg-info/SOURCES.txt'
[0.542s] writing manifest file '../../build/ia_to_ros/ia_to_ros.egg-info/SOURCES.txt'
[0.542s] running build
[0.542s] running build_py
[0.543s] running install
[0.543s] running install_lib
[0.544s] running install_data
[0.544s] running install_egg_info
[0.545s] removing '/home/josep/robotics/ModelDownload/ros2_ws/install/ia_to_ros/lib/python3.10/site-packages/ia_to_ros-0.0.0-py3.10.egg-info' (and everything under it)
[0.545s] Copying ../../build/ia_to_ros/ia_to_ros.egg-info to /home/josep/robotics/ModelDownload/ros2_ws/install/ia_to_ros/lib/python3.10/site-packages/ia_to_ros-0.0.0-py3.10.egg-info
[0.546s] running install_scripts
[0.557s] Installing model script to /home/josep/robotics/ModelDownload/ros2_ws/install/ia_to_ros/lib/ia_to_ros
[0.557s] Installing model2 script to /home/josep/robotics/ModelDownload/ros2_ws/install/ia_to_ros/lib/ia_to_ros
[0.557s] Installing talker script to /home/josep/robotics/ModelDownload/ros2_ws/install/ia_to_ros/lib/ia_to_ros
[0.557s] Installing translator script to /home/josep/robotics/ModelDownload/ros2_ws/install/ia_to_ros/lib/ia_to_ros
[0.558s] Installing translator2 script to /home/josep/robotics/ModelDownload/ros2_ws/install/ia_to_ros/lib/ia_to_ros
[0.558s] writing list of installed files to '/home/josep/robotics/ModelDownload/ros2_ws/build/ia_to_ros/install.log'
[0.572s] Invoked command in '/home/josep/robotics/ModelDownload/ros2_ws/src/ia_to_ros' returned '0': PYTHONPATH=/home/josep/robotics/ModelDownload/ros2_ws/build/ia_to_ros/prefix_override:/home/josep/.local/lib/python3.10/site-packages/colcon_core/task/python/colcon_distutils_commands:/home/josep/robotics/ModelDownload/ros2_ws/install/ia_to_ros/lib/python3.10/site-packages:${PYTHONPATH} /usr/bin/python3 -W ignore:setup.py install is deprecated -W ignore:easy_install command is deprecated setup.py egg_info --egg-base ../../build/ia_to_ros build --build-base /home/josep/robotics/ModelDownload/ros2_ws/build/ia_to_ros/build install --record /home/josep/robotics/ModelDownload/ros2_ws/build/ia_to_ros/install.log --single-version-externally-managed install_data
