[0.859s] Invoking command in '/home/josep/PycharmProjects/ModelDownload/ros2_ws/src/ia_to_ros': PYTHONPATH=/home/josep/PycharmProjects/ModelDownload/ros2_ws/build/ia_to_ros/prefix_override:/usr/lib/python3/dist-packages/colcon_core/task/python/colcon_distutils_commands:/home/josep/PycharmProjects/ModelDownload/ros2_ws/install/ia_to_ros/lib/python3.10/site-packages:${PYTHONPATH} /usr/bin/python3 -W ignore:setup.py install is deprecated setup.py egg_info --egg-base ../../build/ia_to_ros build --build-base /home/josep/PycharmProjects/ModelDownload/ros2_ws/build/ia_to_ros/build install --record /home/josep/PycharmProjects/ModelDownload/ros2_ws/build/ia_to_ros/install.log --single-version-externally-managed install_data
[1.152s] running egg_info
[1.153s] writing ../../build/ia_to_ros/ia_to_ros.egg-info/PKG-INFO
[1.153s] writing dependency_links to ../../build/ia_to_ros/ia_to_ros.egg-info/dependency_links.txt
[1.153s] writing entry points to ../../build/ia_to_ros/ia_to_ros.egg-info/entry_points.txt
[1.153s] writing requirements to ../../build/ia_to_ros/ia_to_ros.egg-info/requires.txt
[1.153s] writing top-level names to ../../build/ia_to_ros/ia_to_ros.egg-info/top_level.txt
[1.155s] reading manifest file '../../build/ia_to_ros/ia_to_ros.egg-info/SOURCES.txt'
[1.156s] writing manifest file '../../build/ia_to_ros/ia_to_ros.egg-info/SOURCES.txt'
[1.156s] running build
[1.156s] running build_py
[1.156s] copying ia_to_ros/modelRosTest.py -> /home/josep/PycharmProjects/ModelDownload/ros2_ws/build/ia_to_ros/build/lib/ia_to_ros
[1.157s] copying ia_to_ros/speech_to_text.py -> /home/josep/PycharmProjects/ModelDownload/ros2_ws/build/ia_to_ros/build/lib/ia_to_ros
[1.157s] running install
[1.157s] running install_lib
[1.158s] copying /home/josep/PycharmProjects/ModelDownload/ros2_ws/build/ia_to_ros/build/lib/ia_to_ros/modelRosTest.py -> /home/josep/PycharmProjects/ModelDownload/ros2_ws/install/ia_to_ros/lib/python3.10/site-packages/ia_to_ros
[1.158s] copying /home/josep/PycharmProjects/ModelDownload/ros2_ws/build/ia_to_ros/build/lib/ia_to_ros/speech_to_text.py -> /home/josep/PycharmProjects/ModelDownload/ros2_ws/install/ia_to_ros/lib/python3.10/site-packages/ia_to_ros
[1.159s] byte-compiling /home/josep/PycharmProjects/ModelDownload/ros2_ws/install/ia_to_ros/lib/python3.10/site-packages/ia_to_ros/modelRosTest.py to modelRosTest.cpython-310.pyc
[1.162s] byte-compiling /home/josep/PycharmProjects/ModelDownload/ros2_ws/install/ia_to_ros/lib/python3.10/site-packages/ia_to_ros/speech_to_text.py to speech_to_text.cpython-310.pyc
[1.162s] running install_data
[1.162s] running install_egg_info
[1.165s] removing '/home/josep/PycharmProjects/ModelDownload/ros2_ws/install/ia_to_ros/lib/python3.10/site-packages/ia_to_ros-0.0.0-py3.10.egg-info' (and everything under it)
[1.166s] Copying ../../build/ia_to_ros/ia_to_ros.egg-info to /home/josep/PycharmProjects/ModelDownload/ros2_ws/install/ia_to_ros/lib/python3.10/site-packages/ia_to_ros-0.0.0-py3.10.egg-info
[1.167s] running install_scripts
[1.194s] Installing model script to /home/josep/PycharmProjects/ModelDownload/ros2_ws/install/ia_to_ros/lib/ia_to_ros
[1.194s] Installing talker script to /home/josep/PycharmProjects/ModelDownload/ros2_ws/install/ia_to_ros/lib/ia_to_ros
[1.195s] Installing translator script to /home/josep/PycharmProjects/ModelDownload/ros2_ws/install/ia_to_ros/lib/ia_to_ros
[1.195s] writing list of installed files to '/home/josep/PycharmProjects/ModelDownload/ros2_ws/build/ia_to_ros/install.log'
[1.227s] Invoked command in '/home/josep/PycharmProjects/ModelDownload/ros2_ws/src/ia_to_ros' returned '0': PYTHONPATH=/home/josep/PycharmProjects/ModelDownload/ros2_ws/build/ia_to_ros/prefix_override:/usr/lib/python3/dist-packages/colcon_core/task/python/colcon_distutils_commands:/home/josep/PycharmProjects/ModelDownload/ros2_ws/install/ia_to_ros/lib/python3.10/site-packages:${PYTHONPATH} /usr/bin/python3 -W ignore:setup.py install is deprecated setup.py egg_info --egg-base ../../build/ia_to_ros build --build-base /home/josep/PycharmProjects/ModelDownload/ros2_ws/build/ia_to_ros/build install --record /home/josep/PycharmProjects/ModelDownload/ros2_ws/build/ia_to_ros/install.log --single-version-externally-managed install_data
