[4.140s] DEBUG:colcon:Command line arguments: ['/usr/bin/colcon', 'build']
[4.140s] DEBUG:colcon:Parsed command line arguments: Namespace(log_base=None, log_level=None, verb_name='build', build_base='build', install_base='install', merge_install=False, symlink_install=False, test_result_base=None, continue_on_error=False, executor='parallel', parallel_workers=12, event_handlers=None, ignore_user_meta=False, metas=['./colcon.meta'], base_paths=['.'], packages_ignore=None, packages_ignore_regex=None, paths=None, packages_up_to=None, packages_up_to_regex=None, packages_above=None, packages_above_and_dependencies=None, packages_above_depth=None, packages_select_by_dep=None, packages_skip_by_dep=None, packages_skip_up_to=None, packages_select_build_failed=False, packages_skip_build_finished=False, packages_select_test_failures=False, packages_skip_test_passed=False, packages_select=None, packages_skip=None, packages_select_regex=None, packages_skip_regex=None, packages_start=None, packages_end=None, allow_overriding=[], cmake_args=None, cmake_target=None, cmake_target_skip_unavailable=False, cmake_clean_cache=False, cmake_clean_first=False, cmake_force_configure=False, ament_cmake_args=None, catkin_cmake_args=None, catkin_skip_building_tests=False, mixin_files=None, mixin=None, verb_parser=<colcon_mixin.mixin.mixin_argument.MixinArgumentDecorator object at 0x7e0e5775eb00>, verb_extension=<colcon_core.verb.build.BuildVerb object at 0x7e0e57710340>, main=<bound method BuildVerb.main of <colcon_core.verb.build.BuildVerb object at 0x7e0e57710340>>, mixin_verb=('build',))
[6.305s] Level 1:colcon.colcon_core.package_discovery:discover_packages(colcon_meta) check parameters
[6.305s] Level 1:colcon.colcon_core.package_discovery:discover_packages(recursive) check parameters
[6.305s] Level 1:colcon.colcon_core.package_discovery:discover_packages(ignore) check parameters
[6.305s] Level 1:colcon.colcon_core.package_discovery:discover_packages(path) check parameters
[6.305s] Level 1:colcon.colcon_core.package_discovery:discover_packages(colcon_meta) discover
[6.305s] Level 1:colcon.colcon_core.package_discovery:discover_packages(recursive) discover
[6.306s] INFO:colcon.colcon_core.package_discovery:Crawling recursively for packages in '/home/josep/PycharmProjects/ModelDownload/ros2_ws'
[6.306s] Level 1:colcon.colcon_core.package_identification:_identify(.) by extensions ['ignore', 'ignore_ament_install']
[6.306s] Level 1:colcon.colcon_core.package_identification:_identify(.) by extension 'ignore'
[6.306s] Level 1:colcon.colcon_core.package_identification:_identify(.) by extension 'ignore_ament_install'
[6.307s] Level 1:colcon.colcon_core.package_identification:_identify(.) by extensions ['colcon_pkg']
[6.307s] Level 1:colcon.colcon_core.package_identification:_identify(.) by extension 'colcon_pkg'
[6.307s] Level 1:colcon.colcon_core.package_identification:_identify(.) by extensions ['colcon_meta']
[6.307s] Level 1:colcon.colcon_core.package_identification:_identify(.) by extension 'colcon_meta'
[6.307s] Level 1:colcon.colcon_core.package_identification:_identify(.) by extensions ['ros']
[6.307s] Level 1:colcon.colcon_core.package_identification:_identify(.) by extension 'ros'
[6.360s] Level 1:colcon.colcon_core.package_identification:_identify(.) by extensions ['cmake', 'python']
[6.361s] Level 1:colcon.colcon_core.package_identification:_identify(.) by extension 'cmake'
[6.361s] Level 1:colcon.colcon_core.package_identification:_identify(.) by extension 'python'
[6.361s] Level 1:colcon.colcon_core.package_identification:_identify(.) by extensions ['python_setup_py']
[6.361s] Level 1:colcon.colcon_core.package_identification:_identify(.) by extension 'python_setup_py'
[6.361s] Level 1:colcon.colcon_core.package_identification:_identify(build) by extensions ['ignore', 'ignore_ament_install']
[6.361s] Level 1:colcon.colcon_core.package_identification:_identify(build) by extension 'ignore'
[6.361s] Level 1:colcon.colcon_core.package_identification:_identify(build) ignored
[6.362s] Level 1:colcon.colcon_core.package_identification:_identify(install) by extensions ['ignore', 'ignore_ament_install']
[6.362s] Level 1:colcon.colcon_core.package_identification:_identify(install) by extension 'ignore'
[6.362s] Level 1:colcon.colcon_core.package_identification:_identify(install) ignored
[6.362s] Level 1:colcon.colcon_core.package_identification:_identify(log) by extensions ['ignore', 'ignore_ament_install']
[6.362s] Level 1:colcon.colcon_core.package_identification:_identify(log) by extension 'ignore'
[6.362s] Level 1:colcon.colcon_core.package_identification:_identify(log) ignored
[6.363s] Level 1:colcon.colcon_core.package_identification:_identify(src) by extensions ['ignore', 'ignore_ament_install']
[6.363s] Level 1:colcon.colcon_core.package_identification:_identify(src) by extension 'ignore'
[6.363s] Level 1:colcon.colcon_core.package_identification:_identify(src) by extension 'ignore_ament_install'
[6.363s] Level 1:colcon.colcon_core.package_identification:_identify(src) by extensions ['colcon_pkg']
[6.363s] Level 1:colcon.colcon_core.package_identification:_identify(src) by extension 'colcon_pkg'
[6.363s] Level 1:colcon.colcon_core.package_identification:_identify(src) by extensions ['colcon_meta']
[6.363s] Level 1:colcon.colcon_core.package_identification:_identify(src) by extension 'colcon_meta'
[6.363s] Level 1:colcon.colcon_core.package_identification:_identify(src) by extensions ['ros']
[6.363s] Level 1:colcon.colcon_core.package_identification:_identify(src) by extension 'ros'
[6.363s] Level 1:colcon.colcon_core.package_identification:_identify(src) by extensions ['cmake', 'python']
[6.363s] Level 1:colcon.colcon_core.package_identification:_identify(src) by extension 'cmake'
[6.364s] Level 1:colcon.colcon_core.package_identification:_identify(src) by extension 'python'
[6.364s] Level 1:colcon.colcon_core.package_identification:_identify(src) by extensions ['python_setup_py']
[6.364s] Level 1:colcon.colcon_core.package_identification:_identify(src) by extension 'python_setup_py'
[6.364s] Level 1:colcon.colcon_core.package_identification:_identify(src/ia_to_ros) by extensions ['ignore', 'ignore_ament_install']
[6.364s] Level 1:colcon.colcon_core.package_identification:_identify(src/ia_to_ros) by extension 'ignore'
[6.364s] Level 1:colcon.colcon_core.package_identification:_identify(src/ia_to_ros) by extension 'ignore_ament_install'
[6.365s] Level 1:colcon.colcon_core.package_identification:_identify(src/ia_to_ros) by extensions ['colcon_pkg']
[6.365s] Level 1:colcon.colcon_core.package_identification:_identify(src/ia_to_ros) by extension 'colcon_pkg'
[6.365s] Level 1:colcon.colcon_core.package_identification:_identify(src/ia_to_ros) by extensions ['colcon_meta']
[6.365s] Level 1:colcon.colcon_core.package_identification:_identify(src/ia_to_ros) by extension 'colcon_meta'
[6.365s] Level 1:colcon.colcon_core.package_identification:_identify(src/ia_to_ros) by extensions ['ros']
[6.365s] Level 1:colcon.colcon_core.package_identification:_identify(src/ia_to_ros) by extension 'ros'
[6.370s] DEBUG:colcon.colcon_core.package_identification:Package 'src/ia_to_ros' with type 'ros.ament_python' and name 'ia_to_ros'
[6.370s] Level 1:colcon.colcon_core.package_discovery:discover_packages(recursive) using defaults
[6.370s] Level 1:colcon.colcon_core.package_discovery:discover_packages(ignore) discover
[6.370s] Level 1:colcon.colcon_core.package_discovery:discover_packages(ignore) using defaults
[6.370s] Level 1:colcon.colcon_core.package_discovery:discover_packages(path) discover
[6.370s] Level 1:colcon.colcon_core.package_discovery:discover_packages(path) using defaults
[6.410s] Level 1:colcon.colcon_core.package_discovery:discover_packages(prefix_path) check parameters
[6.410s] Level 1:colcon.colcon_core.package_discovery:discover_packages(prefix_path) discover
[6.550s] DEBUG:colcon.colcon_installed_package_information.package_discovery:Found 1 installed packages in /home/josep/PycharmProjects/ModelDownload/ros2_ws/install
[6.629s] DEBUG:colcon.colcon_installed_package_information.package_discovery:Found 401 installed packages in /opt/ros/humble
[6.632s] Level 1:colcon.colcon_core.package_discovery:discover_packages(prefix_path) using defaults
[7.589s] Level 5:colcon.colcon_core.verb:set package 'ia_to_ros' build argument 'cmake_args' from command line to 'None'
[7.589s] Level 5:colcon.colcon_core.verb:set package 'ia_to_ros' build argument 'cmake_target' from command line to 'None'
[7.589s] Level 5:colcon.colcon_core.verb:set package 'ia_to_ros' build argument 'cmake_target_skip_unavailable' from command line to 'False'
[7.589s] Level 5:colcon.colcon_core.verb:set package 'ia_to_ros' build argument 'cmake_clean_cache' from command line to 'False'
[7.589s] Level 5:colcon.colcon_core.verb:set package 'ia_to_ros' build argument 'cmake_clean_first' from command line to 'False'
[7.589s] Level 5:colcon.colcon_core.verb:set package 'ia_to_ros' build argument 'cmake_force_configure' from command line to 'False'
[7.589s] Level 5:colcon.colcon_core.verb:set package 'ia_to_ros' build argument 'ament_cmake_args' from command line to 'None'
[7.589s] Level 5:colcon.colcon_core.verb:set package 'ia_to_ros' build argument 'catkin_cmake_args' from command line to 'None'
[7.589s] Level 5:colcon.colcon_core.verb:set package 'ia_to_ros' build argument 'catkin_skip_building_tests' from command line to 'False'
[7.589s] DEBUG:colcon.colcon_core.verb:Building package 'ia_to_ros' with the following arguments: {'ament_cmake_args': None, 'build_base': '/home/josep/PycharmProjects/ModelDownload/ros2_ws/build/ia_to_ros', 'catkin_cmake_args': None, 'catkin_skip_building_tests': False, 'cmake_args': None, 'cmake_clean_cache': False, 'cmake_clean_first': False, 'cmake_force_configure': False, 'cmake_target': None, 'cmake_target_skip_unavailable': False, 'install_base': '/home/josep/PycharmProjects/ModelDownload/ros2_ws/install/ia_to_ros', 'merge_install': False, 'path': '/home/josep/PycharmProjects/ModelDownload/ros2_ws/src/ia_to_ros', 'symlink_install': False, 'test_result_base': None}
[7.589s] INFO:colcon.colcon_core.executor:Executing jobs using 'parallel' executor
[7.590s] DEBUG:colcon.colcon_parallel_executor.executor.parallel:run_until_complete
[7.590s] INFO:colcon.colcon_ros.task.ament_python.build:Building ROS package in '/home/josep/PycharmProjects/ModelDownload/ros2_ws/src/ia_to_ros' with build type 'ament_python'
[7.590s] Level 1:colcon.colcon_core.shell:create_environment_hook('ia_to_ros', 'ament_prefix_path')
[7.610s] INFO:colcon.colcon_core.plugin_system:Skipping extension 'colcon_core.shell.bat': Not used on non-Windows systems
[7.610s] INFO:colcon.colcon_core.shell:Creating environment hook '/home/josep/PycharmProjects/ModelDownload/ros2_ws/install/ia_to_ros/share/ia_to_ros/hook/ament_prefix_path.ps1'
[7.614s] INFO:colcon.colcon_core.shell:Creating environment descriptor '/home/josep/PycharmProjects/ModelDownload/ros2_ws/install/ia_to_ros/share/ia_to_ros/hook/ament_prefix_path.dsv'
[7.616s] INFO:colcon.colcon_core.shell:Creating environment hook '/home/josep/PycharmProjects/ModelDownload/ros2_ws/install/ia_to_ros/share/ia_to_ros/hook/ament_prefix_path.sh'
[7.619s] INFO:colcon.colcon_core.shell:Skip shell extension 'powershell' for command environment: Not usable outside of PowerShell
[7.619s] DEBUG:colcon.colcon_core.shell:Skip shell extension 'dsv' for command environment
[8.054s] INFO:colcon.colcon_core.task.python.build:Building Python package in '/home/josep/PycharmProjects/ModelDownload/ros2_ws/src/ia_to_ros'
[8.054s] INFO:colcon.colcon_core.shell:Skip shell extension 'powershell' for command environment: Not usable outside of PowerShell
[8.054s] DEBUG:colcon.colcon_core.shell:Skip shell extension 'dsv' for command environment
[9.197s] DEBUG:colcon.colcon_core.event_handler.log_command:Invoking command in '/home/josep/PycharmProjects/ModelDownload/ros2_ws/src/ia_to_ros': PYTHONPATH=/home/josep/PycharmProjects/ModelDownload/ros2_ws/build/ia_to_ros/prefix_override:/usr/lib/python3/dist-packages/colcon_core/task/python/colcon_distutils_commands:/home/josep/PycharmProjects/ModelDownload/ros2_ws/install/ia_to_ros/lib/python3.10/site-packages:${PYTHONPATH} /usr/bin/python3 -W ignore:setup.py install is deprecated setup.py egg_info --egg-base ../../build/ia_to_ros build --build-base /home/josep/PycharmProjects/ModelDownload/ros2_ws/build/ia_to_ros/build install --record /home/josep/PycharmProjects/ModelDownload/ros2_ws/build/ia_to_ros/install.log --single-version-externally-managed install_data
[9.625s] DEBUG:colcon.colcon_core.event_handler.log_command:Invoked command in '/home/josep/PycharmProjects/ModelDownload/ros2_ws/src/ia_to_ros' returned '0': PYTHONPATH=/home/josep/PycharmProjects/ModelDownload/ros2_ws/build/ia_to_ros/prefix_override:/usr/lib/python3/dist-packages/colcon_core/task/python/colcon_distutils_commands:/home/josep/PycharmProjects/ModelDownload/ros2_ws/install/ia_to_ros/lib/python3.10/site-packages:${PYTHONPATH} /usr/bin/python3 -W ignore:setup.py install is deprecated setup.py egg_info --egg-base ../../build/ia_to_ros build --build-base /home/josep/PycharmProjects/ModelDownload/ros2_ws/build/ia_to_ros/build install --record /home/josep/PycharmProjects/ModelDownload/ros2_ws/build/ia_to_ros/install.log --single-version-externally-managed install_data
[9.645s] Level 1:colcon.colcon_core.environment:checking '/home/josep/PycharmProjects/ModelDownload/ros2_ws/install/ia_to_ros' for CMake module files
[9.645s] Level 1:colcon.colcon_core.environment:checking '/home/josep/PycharmProjects/ModelDownload/ros2_ws/install/ia_to_ros' for CMake config files
[9.646s] Level 1:colcon.colcon_core.environment:checking '/home/josep/PycharmProjects/ModelDownload/ros2_ws/install/ia_to_ros/lib'
[9.646s] Level 1:colcon.colcon_core.environment:checking '/home/josep/PycharmProjects/ModelDownload/ros2_ws/install/ia_to_ros/bin'
[9.646s] Level 1:colcon.colcon_core.environment:checking '/home/josep/PycharmProjects/ModelDownload/ros2_ws/install/ia_to_ros/lib/pkgconfig/ia_to_ros.pc'
[9.646s] Level 1:colcon.colcon_core.environment:checking '/home/josep/PycharmProjects/ModelDownload/ros2_ws/install/ia_to_ros/lib/python3.10/site-packages'
[9.646s] Level 1:colcon.colcon_core.shell:create_environment_hook('ia_to_ros', 'pythonpath')
[9.646s] INFO:colcon.colcon_core.shell:Creating environment hook '/home/josep/PycharmProjects/ModelDownload/ros2_ws/install/ia_to_ros/share/ia_to_ros/hook/pythonpath.ps1'
[9.647s] INFO:colcon.colcon_core.shell:Creating environment descriptor '/home/josep/PycharmProjects/ModelDownload/ros2_ws/install/ia_to_ros/share/ia_to_ros/hook/pythonpath.dsv'
[9.647s] INFO:colcon.colcon_core.shell:Creating environment hook '/home/josep/PycharmProjects/ModelDownload/ros2_ws/install/ia_to_ros/share/ia_to_ros/hook/pythonpath.sh'
[9.648s] Level 1:colcon.colcon_core.environment:checking '/home/josep/PycharmProjects/ModelDownload/ros2_ws/install/ia_to_ros/bin'
[9.648s] Level 1:colcon.colcon_core.environment:create_environment_scripts_only(ia_to_ros)
[9.648s] INFO:colcon.colcon_core.shell:Creating package script '/home/josep/PycharmProjects/ModelDownload/ros2_ws/install/ia_to_ros/share/ia_to_ros/package.ps1'
[9.650s] INFO:colcon.colcon_core.shell:Creating package descriptor '/home/josep/PycharmProjects/ModelDownload/ros2_ws/install/ia_to_ros/share/ia_to_ros/package.dsv'
[9.652s] INFO:colcon.colcon_core.shell:Creating package script '/home/josep/PycharmProjects/ModelDownload/ros2_ws/install/ia_to_ros/share/ia_to_ros/package.sh'
[9.653s] INFO:colcon.colcon_core.shell:Creating package script '/home/josep/PycharmProjects/ModelDownload/ros2_ws/install/ia_to_ros/share/ia_to_ros/package.bash'
[9.654s] INFO:colcon.colcon_core.shell:Creating package script '/home/josep/PycharmProjects/ModelDownload/ros2_ws/install/ia_to_ros/share/ia_to_ros/package.zsh'
[9.656s] Level 1:colcon.colcon_core.environment:create_file_with_runtime_dependencies(/home/josep/PycharmProjects/ModelDownload/ros2_ws/install/ia_to_ros/share/colcon-core/packages/ia_to_ros)
[9.656s] DEBUG:colcon.colcon_parallel_executor.executor.parallel:closing loop
[9.657s] DEBUG:colcon.colcon_parallel_executor.executor.parallel:loop closed
[9.657s] DEBUG:colcon.colcon_parallel_executor.executor.parallel:run_until_complete finished with '0'
[9.657s] DEBUG:colcon.colcon_core.event_reactor:joining thread
[9.686s] INFO:colcon.colcon_core.plugin_system:Skipping extension 'colcon_notification.desktop_notification.terminal_notifier': Not used on non-Darwin systems
[9.687s] INFO:colcon.colcon_core.plugin_system:Skipping extension 'colcon_notification.desktop_notification.win32': Not used on non-Windows systems
[9.687s] INFO:colcon.colcon_notification.desktop_notification:Sending desktop notification using 'notify2'
[11.354s] DEBUG:colcon.colcon_core.event_reactor:joined thread
[11.354s] INFO:colcon.colcon_core.shell:Creating prefix script '/home/josep/PycharmProjects/ModelDownload/ros2_ws/install/local_setup.ps1'
[11.356s] INFO:colcon.colcon_core.shell:Creating prefix util module '/home/josep/PycharmProjects/ModelDownload/ros2_ws/install/_local_setup_util_ps1.py'
[11.359s] INFO:colcon.colcon_core.shell:Creating prefix chain script '/home/josep/PycharmProjects/ModelDownload/ros2_ws/install/setup.ps1'
[11.361s] INFO:colcon.colcon_core.shell:Creating prefix script '/home/josep/PycharmProjects/ModelDownload/ros2_ws/install/local_setup.sh'
[11.363s] INFO:colcon.colcon_core.shell:Creating prefix util module '/home/josep/PycharmProjects/ModelDownload/ros2_ws/install/_local_setup_util_sh.py'
[11.364s] INFO:colcon.colcon_core.shell:Creating prefix chain script '/home/josep/PycharmProjects/ModelDownload/ros2_ws/install/setup.sh'
[11.366s] INFO:colcon.colcon_core.shell:Creating prefix script '/home/josep/PycharmProjects/ModelDownload/ros2_ws/install/local_setup.bash'
[11.368s] INFO:colcon.colcon_core.shell:Creating prefix chain script '/home/josep/PycharmProjects/ModelDownload/ros2_ws/install/setup.bash'
[11.369s] INFO:colcon.colcon_core.shell:Creating prefix script '/home/josep/PycharmProjects/ModelDownload/ros2_ws/install/local_setup.zsh'
[11.371s] INFO:colcon.colcon_core.shell:Creating prefix chain script '/home/josep/PycharmProjects/ModelDownload/ros2_ws/install/setup.zsh'
