[0.606s] Invoking command in '/home/josep/PycharmProjects/ModelDownload/ros2_ws/src/ia_to_ros': PYTHONPATH=/home/josep/PycharmProjects/ModelDownload/ros2_ws/build/ia_to_ros/prefix_override:/usr/lib/python3/dist-packages/colcon_core/task/python/colcon_distutils_commands:/home/josep/PycharmProjects/ModelDownload/ros2_ws/install/ia_to_ros/lib/python3.10/site-packages:${PYTHONPATH} /usr/bin/python3 -W ignore:setup.py install is deprecated setup.py egg_info --egg-base ../../build/ia_to_ros build --build-base /home/josep/PycharmProjects/ModelDownload/ros2_ws/build/ia_to_ros/build install --record /home/josep/PycharmProjects/ModelDownload/ros2_ws/build/ia_to_ros/install.log --single-version-externally-managed install_data
[0.847s] running egg_info
[0.848s] writing ../../build/ia_to_ros/ia_to_ros.egg-info/PKG-INFO
[0.848s] writing dependency_links to ../../build/ia_to_ros/ia_to_ros.egg-info/dependency_links.txt
[0.848s] writing entry points to ../../build/ia_to_ros/ia_to_ros.egg-info/entry_points.txt
[0.848s] writing requirements to ../../build/ia_to_ros/ia_to_ros.egg-info/requires.txt
[0.848s] writing top-level names to ../../build/ia_to_ros/ia_to_ros.egg-info/top_level.txt
[0.850s] reading manifest file '../../build/ia_to_ros/ia_to_ros.egg-info/SOURCES.txt'
[0.851s] writing manifest file '../../build/ia_to_ros/ia_to_ros.egg-info/SOURCES.txt'
[0.851s] running build
[0.851s] running build_py
[0.851s] copying ia_to_ros/model2.py -> /home/josep/PycharmProjects/ModelDownload/ros2_ws/build/ia_to_ros/build/lib/ia_to_ros
[0.851s] running install
[0.852s] running install_lib
[0.852s] copying /home/josep/PycharmProjects/ModelDownload/ros2_ws/build/ia_to_ros/build/lib/ia_to_ros/model2.py -> /home/josep/PycharmProjects/ModelDownload/ros2_ws/install/ia_to_ros/lib/python3.10/site-packages/ia_to_ros
[0.853s] byte-compiling /home/josep/PycharmProjects/ModelDownload/ros2_ws/install/ia_to_ros/lib/python3.10/site-packages/ia_to_ros/model2.py to model2.cpython-310.pyc
[0.854s] running install_data
[0.854s] running install_egg_info
[0.855s] removing '/home/josep/PycharmProjects/ModelDownload/ros2_ws/install/ia_to_ros/lib/python3.10/site-packages/ia_to_ros-0.0.0-py3.10.egg-info' (and everything under it)
[0.856s] Copying ../../build/ia_to_ros/ia_to_ros.egg-info to /home/josep/PycharmProjects/ModelDownload/ros2_ws/install/ia_to_ros/lib/python3.10/site-packages/ia_to_ros-0.0.0-py3.10.egg-info
[0.856s] running install_scripts
[0.873s] Installing model script to /home/josep/PycharmProjects/ModelDownload/ros2_ws/install/ia_to_ros/lib/ia_to_ros
[0.874s] Installing model2 script to /home/josep/PycharmProjects/ModelDownload/ros2_ws/install/ia_to_ros/lib/ia_to_ros
[0.874s] Installing talker script to /home/josep/PycharmProjects/ModelDownload/ros2_ws/install/ia_to_ros/lib/ia_to_ros
[0.874s] Installing translator script to /home/josep/PycharmProjects/ModelDownload/ros2_ws/install/ia_to_ros/lib/ia_to_ros
[0.874s] Installing translator2 script to /home/josep/PycharmProjects/ModelDownload/ros2_ws/install/ia_to_ros/lib/ia_to_ros
[0.874s] writing list of installed files to '/home/josep/PycharmProjects/ModelDownload/ros2_ws/build/ia_to_ros/install.log'
[0.890s] Invoked command in '/home/josep/PycharmProjects/ModelDownload/ros2_ws/src/ia_to_ros' returned '0': PYTHONPATH=/home/josep/PycharmProjects/ModelDownload/ros2_ws/build/ia_to_ros/prefix_override:/usr/lib/python3/dist-packages/colcon_core/task/python/colcon_distutils_commands:/home/josep/PycharmProjects/ModelDownload/ros2_ws/install/ia_to_ros/lib/python3.10/site-packages:${PYTHONPATH} /usr/bin/python3 -W ignore:setup.py install is deprecated setup.py egg_info --egg-base ../../build/ia_to_ros build --build-base /home/josep/PycharmProjects/ModelDownload/ros2_ws/build/ia_to_ros/build install --record /home/josep/PycharmProjects/ModelDownload/ros2_ws/build/ia_to_ros/install.log --single-version-externally-managed install_data
