running egg_info
creating ../../build/ia_to_ros/ia_to_ros.egg-info
writing ../../build/ia_to_ros/ia_to_ros.egg-info/PKG-INFO
writing dependency_links to ../../build/ia_to_ros/ia_to_ros.egg-info/dependency_links.txt
writing entry points to ../../build/ia_to_ros/ia_to_ros.egg-info/entry_points.txt
writing requirements to ../../build/ia_to_ros/ia_to_ros.egg-info/requires.txt
writing top-level names to ../../build/ia_to_ros/ia_to_ros.egg-info/top_level.txt
writing manifest file '../../build/ia_to_ros/ia_to_ros.egg-info/SOURCES.txt'
reading manifest file '../../build/ia_to_ros/ia_to_ros.egg-info/SOURCES.txt'
writing manifest file '../../build/ia_to_ros/ia_to_ros.egg-info/SOURCES.txt'
running build
running build_py
creating /home/josep/PycharmProjects/ModelDownload/ros2_ws/build/ia_to_ros/build
creating /home/josep/PycharmProjects/ModelDownload/ros2_ws/build/ia_to_ros/build/lib
creating /home/josep/PycharmProjects/ModelDownload/ros2_ws/build/ia_to_ros/build/lib/ia_to_ros
copying ia_to_ros/__init__.py -> /home/josep/PycharmProjects/ModelDownload/ros2_ws/build/ia_to_ros/build/lib/ia_to_ros
running install
running install_lib
creating /home/josep/PycharmProjects/ModelDownload/ros2_ws/install/ia_to_ros/lib/python3.10/site-packages/ia_to_ros
copying /home/josep/PycharmProjects/ModelDownload/ros2_ws/build/ia_to_ros/build/lib/ia_to_ros/__init__.py -> /home/josep/PycharmProjects/ModelDownload/ros2_ws/install/ia_to_ros/lib/python3.10/site-packages/ia_to_ros
byte-compiling /home/josep/PycharmProjects/ModelDownload/ros2_ws/install/ia_to_ros/lib/python3.10/site-packages/ia_to_ros/__init__.py to __init__.cpython-310.pyc
running install_data
creating /home/josep/PycharmProjects/ModelDownload/ros2_ws/install/ia_to_ros/share/ament_index
creating /home/josep/PycharmProjects/ModelDownload/ros2_ws/install/ia_to_ros/share/ament_index/resource_index
creating /home/josep/PycharmProjects/ModelDownload/ros2_ws/install/ia_to_ros/share/ament_index/resource_index/packages
copying resource/ia_to_ros -> /home/josep/PycharmProjects/ModelDownload/ros2_ws/install/ia_to_ros/share/ament_index/resource_index/packages
copying package.xml -> /home/josep/PycharmProjects/ModelDownload/ros2_ws/install/ia_to_ros/share/ia_to_ros
running install_egg_info
Copying ../../build/ia_to_ros/ia_to_ros.egg-info to /home/josep/PycharmProjects/ModelDownload/ros2_ws/install/ia_to_ros/lib/python3.10/site-packages/ia_to_ros-0.0.0-py3.10.egg-info
running install_scripts
writing list of installed files to '/home/josep/PycharmProjects/ModelDownload/ros2_ws/build/ia_to_ros/install.log'
