[0.671s] Invoking command in '/home/josep/PycharmProjects/ModelDownload/ros2_ws/src/ia_to_ros': PYTHONPATH=/home/josep/PycharmProjects/ModelDownload/ros2_ws/build/ia_to_ros/prefix_override:/usr/lib/python3/dist-packages/colcon_core/task/python/colcon_distutils_commands:/home/josep/PycharmProjects/ModelDownload/ros2_ws/install/ia_to_ros/lib/python3.10/site-packages:${PYTHONPATH} /usr/bin/python3 -W ignore:setup.py install is deprecated setup.py egg_info --egg-base ../../build/ia_to_ros build --build-base /home/josep/PycharmProjects/ModelDownload/ros2_ws/build/ia_to_ros/build install --record /home/josep/PycharmProjects/ModelDownload/ros2_ws/build/ia_to_ros/install.log --single-version-externally-managed install_data
[0.908s] running egg_info
[0.908s] creating ../../build/ia_to_ros/ia_to_ros.egg-info
[0.909s] writing ../../build/ia_to_ros/ia_to_ros.egg-info/PKG-INFO
[0.909s] writing dependency_links to ../../build/ia_to_ros/ia_to_ros.egg-info/dependency_links.txt
[0.909s] writing entry points to ../../build/ia_to_ros/ia_to_ros.egg-info/entry_points.txt
[0.909s] writing requirements to ../../build/ia_to_ros/ia_to_ros.egg-info/requires.txt
[0.909s] writing top-level names to ../../build/ia_to_ros/ia_to_ros.egg-info/top_level.txt
[0.910s] writing manifest file '../../build/ia_to_ros/ia_to_ros.egg-info/SOURCES.txt'
[0.911s] reading manifest file '../../build/ia_to_ros/ia_to_ros.egg-info/SOURCES.txt'
[0.911s] writing manifest file '../../build/ia_to_ros/ia_to_ros.egg-info/SOURCES.txt'
[0.912s] running build
[0.912s] running build_py
[0.912s] creating /home/josep/PycharmProjects/ModelDownload/ros2_ws/build/ia_to_ros/build
[0.912s] creating /home/josep/PycharmProjects/ModelDownload/ros2_ws/build/ia_to_ros/build/lib
[0.912s] creating /home/josep/PycharmProjects/ModelDownload/ros2_ws/build/ia_to_ros/build/lib/ia_to_ros
[0.912s] copying ia_to_ros/__init__.py -> /home/josep/PycharmProjects/ModelDownload/ros2_ws/build/ia_to_ros/build/lib/ia_to_ros
[0.912s] running install
[0.912s] running install_lib
[0.913s] creating /home/josep/PycharmProjects/ModelDownload/ros2_ws/install/ia_to_ros/lib/python3.10/site-packages/ia_to_ros
[0.913s] copying /home/josep/PycharmProjects/ModelDownload/ros2_ws/build/ia_to_ros/build/lib/ia_to_ros/__init__.py -> /home/josep/PycharmProjects/ModelDownload/ros2_ws/install/ia_to_ros/lib/python3.10/site-packages/ia_to_ros
[0.913s] byte-compiling /home/josep/PycharmProjects/ModelDownload/ros2_ws/install/ia_to_ros/lib/python3.10/site-packages/ia_to_ros/__init__.py to __init__.cpython-310.pyc
[0.913s] running install_data
[0.914s] creating /home/josep/PycharmProjects/ModelDownload/ros2_ws/install/ia_to_ros/share/ament_index
[0.914s] creating /home/josep/PycharmProjects/ModelDownload/ros2_ws/install/ia_to_ros/share/ament_index/resource_index
[0.914s] creating /home/josep/PycharmProjects/ModelDownload/ros2_ws/install/ia_to_ros/share/ament_index/resource_index/packages
[0.914s] copying resource/ia_to_ros -> /home/josep/PycharmProjects/ModelDownload/ros2_ws/install/ia_to_ros/share/ament_index/resource_index/packages
[0.914s] copying package.xml -> /home/josep/PycharmProjects/ModelDownload/ros2_ws/install/ia_to_ros/share/ia_to_ros
[0.914s] running install_egg_info
[0.916s] Copying ../../build/ia_to_ros/ia_to_ros.egg-info to /home/josep/PycharmProjects/ModelDownload/ros2_ws/install/ia_to_ros/lib/python3.10/site-packages/ia_to_ros-0.0.0-py3.10.egg-info
[0.916s] running install_scripts
[0.934s] writing list of installed files to '/home/josep/PycharmProjects/ModelDownload/ros2_ws/build/ia_to_ros/install.log'
[0.951s] Invoked command in '/home/josep/PycharmProjects/ModelDownload/ros2_ws/src/ia_to_ros' returned '0': PYTHONPATH=/home/josep/PycharmProjects/ModelDownload/ros2_ws/build/ia_to_ros/prefix_override:/usr/lib/python3/dist-packages/colcon_core/task/python/colcon_distutils_commands:/home/josep/PycharmProjects/ModelDownload/ros2_ws/install/ia_to_ros/lib/python3.10/site-packages:${PYTHONPATH} /usr/bin/python3 -W ignore:setup.py install is deprecated setup.py egg_info --egg-base ../../build/ia_to_ros build --build-base /home/josep/PycharmProjects/ModelDownload/ros2_ws/build/ia_to_ros/build install --record /home/josep/PycharmProjects/ModelDownload/ros2_ws/build/ia_to_ros/install.log --single-version-externally-managed install_data
