[0.519s] Invoking command in '/home/josep/robotics/ModelDownload/ros2_ws/src/ia_to_ros': PYTHONPATH=/home/josep/robotics/ModelDownload/ros2_ws/build/ia_to_ros/prefix_override:/home/josep/.local/lib/python3.10/site-packages/colcon_core/task/python/colcon_distutils_commands:/home/josep/robotics/ModelDownload/ros2_ws/install/ia_to_ros/lib/python3.10/site-packages:${PYTHONPATH} /usr/bin/python3 -W ignore:setup.py install is deprecated -W ignore:easy_install command is deprecated setup.py egg_info --egg-base ../../build/ia_to_ros build --build-base /home/josep/robotics/ModelDownload/ros2_ws/build/ia_to_ros/build install --record /home/josep/robotics/ModelDownload/ros2_ws/build/ia_to_ros/install.log --single-version-externally-managed install_data
[0.674s] running egg_info
[0.674s] writing ../../build/ia_to_ros/ia_to_ros.egg-info/PKG-INFO
[0.674s] writing dependency_links to ../../build/ia_to_ros/ia_to_ros.egg-info/dependency_links.txt
[0.675s] writing entry points to ../../build/ia_to_ros/ia_to_ros.egg-info/entry_points.txt
[0.675s] writing requirements to ../../build/ia_to_ros/ia_to_ros.egg-info/requires.txt
[0.675s] writing top-level names to ../../build/ia_to_ros/ia_to_ros.egg-info/top_level.txt
[0.676s] reading manifest file '../../build/ia_to_ros/ia_to_ros.egg-info/SOURCES.txt'
[0.676s] writing manifest file '../../build/ia_to_ros/ia_to_ros.egg-info/SOURCES.txt'
[0.676s] running build
[0.676s] running build_py
[0.677s] copying ia_to_ros/TextToImage_Segmentation.py -> /home/josep/robotics/ModelDownload/ros2_ws/build/ia_to_ros/build/lib/ia_to_ros
[0.677s] running install
[0.677s] running install_lib
[0.678s] copying /home/josep/robotics/ModelDownload/ros2_ws/build/ia_to_ros/build/lib/ia_to_ros/TextToImage_Segmentation.py -> /home/josep/robotics/ModelDownload/ros2_ws/install/ia_to_ros/lib/python3.10/site-packages/ia_to_ros
[0.678s] byte-compiling /home/josep/robotics/ModelDownload/ros2_ws/install/ia_to_ros/lib/python3.10/site-packages/ia_to_ros/TextToImage_Segmentation.py to TextToImage_Segmentation.cpython-310.pyc
[0.679s] running install_data
[0.679s] running install_egg_info
[0.681s] removing '/home/josep/robotics/ModelDownload/ros2_ws/install/ia_to_ros/lib/python3.10/site-packages/ia_to_ros-0.0.0-py3.10.egg-info' (and everything under it)
[0.681s] Copying ../../build/ia_to_ros/ia_to_ros.egg-info to /home/josep/robotics/ModelDownload/ros2_ws/install/ia_to_ros/lib/python3.10/site-packages/ia_to_ros-0.0.0-py3.10.egg-info
[0.682s] running install_scripts
[0.697s] Installing imageToText script to /home/josep/robotics/ModelDownload/ros2_ws/install/ia_to_ros/lib/ia_to_ros
[0.697s] Installing model script to /home/josep/robotics/ModelDownload/ros2_ws/install/ia_to_ros/lib/ia_to_ros
[0.697s] Installing model2 script to /home/josep/robotics/ModelDownload/ros2_ws/install/ia_to_ros/lib/ia_to_ros
[0.697s] Installing talker script to /home/josep/robotics/ModelDownload/ros2_ws/install/ia_to_ros/lib/ia_to_ros
[0.697s] Installing textToImage script to /home/josep/robotics/ModelDownload/ros2_ws/install/ia_to_ros/lib/ia_to_ros
[0.697s] Installing translator script to /home/josep/robotics/ModelDownload/ros2_ws/install/ia_to_ros/lib/ia_to_ros
[0.697s] Installing translator2 script to /home/josep/robotics/ModelDownload/ros2_ws/install/ia_to_ros/lib/ia_to_ros
[0.698s] writing list of installed files to '/home/josep/robotics/ModelDownload/ros2_ws/build/ia_to_ros/install.log'
[0.730s] Invoked command in '/home/josep/robotics/ModelDownload/ros2_ws/src/ia_to_ros' returned '0': PYTHONPATH=/home/josep/robotics/ModelDownload/ros2_ws/build/ia_to_ros/prefix_override:/home/josep/.local/lib/python3.10/site-packages/colcon_core/task/python/colcon_distutils_commands:/home/josep/robotics/ModelDownload/ros2_ws/install/ia_to_ros/lib/python3.10/site-packages:${PYTHONPATH} /usr/bin/python3 -W ignore:setup.py install is deprecated -W ignore:easy_install command is deprecated setup.py egg_info --egg-base ../../build/ia_to_ros build --build-base /home/josep/robotics/ModelDownload/ros2_ws/build/ia_to_ros/build install --record /home/josep/robotics/ModelDownload/ros2_ws/build/ia_to_ros/install.log --single-version-externally-managed install_data
